                                                                                                                        
>>>>>>>>>>>>>>>>>>>>>>>>>>>>>>>>>>>>>>>>>>>>>>>>>>>>>>>>>>>>>>>>>>>>>>>>>>>>>>>>>>>>>>>>>>>>>>>>>>>>>>>>>>>>>>>>>>>>>>>>
2024-09-20 20:05:40,421 - INFO - START NSP_OEC_Training_Chapter_6 =============================================
2024-09-20 20:05:40,421 - INFO - START NSP_OEC_Training_Chapter_6 Start Time = 2024-09-20 20:05:40
2024-09-20 20:05:40,421 - INFO - NSP_OEC_Training_Chapter_6 Step 0 - Initialize the configuration file parser
2024-09-20 20:05:40,422 - INFO - Process NSP_OEC_Training_Chapter_6 Step 0 - Initializing and starting Logging Process.
2024-09-20 20:05:40,450 - INFO - PERFORMANCE NSP_OEC_Training_Chapter_6 The total process duration was:0.03
2024-09-20 20:05:40,451 - INFO - PERFORMANCE NSP_OEC_Training_Chapter_6 Stop Time = 2024-09-20 20:05:40
2024-09-20 20:05:40,451 - INFO - PERFORMANCE NSP_OEC_Training_Chapter_6 Short process duration less than 3 Seconds:0.03
2024-09-20 20:05:40,451 - INFO - PERFORMANCE NSP_OEC_Training_Chapter_6 Performance optimization is not reccomended
2024-09-20 20:05:40,451 - INFO - END NSP_OEC_Training_Chapter_6 =============================================

<<<<<<<<<<<<<<<<<<<<<<<<<<<<<<<<<<<<<<<<<<<<<<<<<<<<<<<<<<<<<<<<<<<<<<<<<<<<<<<<<<<<<<<<<<<<<<<<<<<<<<<<<<<<<<<<<<<<<<<<
                                                                                                                        
                                                                                                                        
>>>>>>>>>>>>>>>>>>>>>>>>>>>>>>>>>>>>>>>>>>>>>>>>>>>>>>>>>>>>>>>>>>>>>>>>>>>>>>>>>>>>>>>>>>>>>>>>>>>>>>>>>>>>>>>>>>>>>>>>
2024-09-20 20:29:02,512 - INFO - START NSP_OEC_Training_Chapter_6 =============================================
2024-09-20 20:29:02,512 - INFO - START NSP_OEC_Training_Chapter_6 Start Time = 2024-09-20 20:29:02
2024-09-20 20:29:02,512 - INFO - NSP_OEC_Training_Chapter_6 Step 0 - Initialize the configuration file parser
2024-09-20 20:29:02,512 - INFO - Process NSP_OEC_Training_Chapter_6 Step 0 - Initializing and starting Logging Process.
2024-09-20 20:29:02,542 - INFO - PERFORMANCE NSP_OEC_Training_Chapter_6 The total process duration was:0.03
2024-09-20 20:29:02,542 - INFO - PERFORMANCE NSP_OEC_Training_Chapter_6 Stop Time = 2024-09-20 20:29:02
2024-09-20 20:29:02,542 - INFO - PERFORMANCE NSP_OEC_Training_Chapter_6 Short process duration less than 3 Seconds:0.03
2024-09-20 20:29:02,542 - INFO - PERFORMANCE NSP_OEC_Training_Chapter_6 Performance optimization is not reccomended
2024-09-20 20:29:02,542 - INFO - END NSP_OEC_Training_Chapter_6 =============================================

<<<<<<<<<<<<<<<<<<<<<<<<<<<<<<<<<<<<<<<<<<<<<<<<<<<<<<<<<<<<<<<<<<<<<<<<<<<<<<<<<<<<<<<<<<<<<<<<<<<<<<<<<<<<<<<<<<<<<<<<
                                                                                                                        
                                                                                                                        
>>>>>>>>>>>>>>>>>>>>>>>>>>>>>>>>>>>>>>>>>>>>>>>>>>>>>>>>>>>>>>>>>>>>>>>>>>>>>>>>>>>>>>>>>>>>>>>>>>>>>>>>>>>>>>>>>>>>>>>>
2024-09-20 21:47:23,191 - INFO - START NSP_OEC_Training_Chapter_6 =============================================
2024-09-20 21:47:23,191 - INFO - START NSP_OEC_Training_Chapter_6 Start Time = 2024-09-20 21:47:23
2024-09-20 21:47:23,191 - INFO - NSP_OEC_Training_Chapter_6 Step 0 - Initialize the configuration file parser
2024-09-20 21:47:23,193 - INFO - Process NSP_OEC_Training_Chapter_6 Step 0 - Initializing and starting Logging Process.
2024-09-20 21:47:23,222 - INFO - PERFORMANCE NSP_OEC_Training_Chapter_6 The total process duration was:0.03
2024-09-20 21:47:23,223 - INFO - PERFORMANCE NSP_OEC_Training_Chapter_6 Stop Time = 2024-09-20 21:47:23
2024-09-20 21:47:23,223 - INFO - PERFORMANCE NSP_OEC_Training_Chapter_6 Short process duration less than 3 Seconds:0.03
2024-09-20 21:47:23,223 - INFO - PERFORMANCE NSP_OEC_Training_Chapter_6 Performance optimization is not reccomended
2024-09-20 21:47:23,223 - INFO - END NSP_OEC_Training_Chapter_6 =============================================

<<<<<<<<<<<<<<<<<<<<<<<<<<<<<<<<<<<<<<<<<<<<<<<<<<<<<<<<<<<<<<<<<<<<<<<<<<<<<<<<<<<<<<<<<<<<<<<<<<<<<<<<<<<<<<<<<<<<<<<<
                                                                                                                        
                                                                                                                        
>>>>>>>>>>>>>>>>>>>>>>>>>>>>>>>>>>>>>>>>>>>>>>>>>>>>>>>>>>>>>>>>>>>>>>>>>>>>>>>>>>>>>>>>>>>>>>>>>>>>>>>>>>>>>>>>>>>>>>>>
2024-09-22 23:35:27,322 - INFO - START NSP_OEC_Training_Chapter_6 =============================================
2024-09-22 23:35:27,322 - INFO - START NSP_OEC_Training_Chapter_6 Start Time = 2024-09-22 23:35:27
2024-09-22 23:35:27,322 - INFO - NSP_OEC_Training_Chapter_6 Step 0 - Initialize the configuration file parser
2024-09-22 23:35:27,322 - INFO - Process NSP_OEC_Training_Chapter_6 Step 0 - Initializing and starting Logging Process.
2024-09-22 23:35:27,352 - INFO - PERFORMANCE NSP_OEC_Training_Chapter_6 The total process duration was:0.03
2024-09-22 23:35:27,352 - INFO - PERFORMANCE NSP_OEC_Training_Chapter_6 Stop Time = 2024-09-22 23:35:27
2024-09-22 23:35:27,352 - INFO - PERFORMANCE NSP_OEC_Training_Chapter_6 Short process duration less than 3 Seconds:0.03
2024-09-22 23:35:27,352 - INFO - PERFORMANCE NSP_OEC_Training_Chapter_6 Performance optimization is not reccomended
2024-09-22 23:35:27,352 - INFO - END NSP_OEC_Training_Chapter_6 =============================================

<<<<<<<<<<<<<<<<<<<<<<<<<<<<<<<<<<<<<<<<<<<<<<<<<<<<<<<<<<<<<<<<<<<<<<<<<<<<<<<<<<<<<<<<<<<<<<<<<<<<<<<<<<<<<<<<<<<<<<<<
                                                                                                                        
                                                                                                                        
>>>>>>>>>>>>>>>>>>>>>>>>>>>>>>>>>>>>>>>>>>>>>>>>>>>>>>>>>>>>>>>>>>>>>>>>>>>>>>>>>>>>>>>>>>>>>>>>>>>>>>>>>>>>>>>>>>>>>>>>
2024-09-22 23:53:37,203 - INFO - START NSP_OEC_Training_Chapter_6 =============================================
2024-09-22 23:53:37,203 - INFO - START NSP_OEC_Training_Chapter_6 Start Time = 2024-09-22 23:53:37
2024-09-22 23:53:37,203 - INFO - NSP_OEC_Training_Chapter_6 Step 0 - Initialize the configuration file parser
2024-09-22 23:53:37,204 - INFO - Process NSP_OEC_Training_Chapter_6 Step 0 - Initializing and starting Logging Process.
2024-09-22 23:53:37,233 - INFO - PERFORMANCE NSP_OEC_Training_Chapter_6 The total process duration was:0.03
2024-09-22 23:53:37,233 - INFO - PERFORMANCE NSP_OEC_Training_Chapter_6 Stop Time = 2024-09-22 23:53:37
2024-09-22 23:53:37,233 - INFO - PERFORMANCE NSP_OEC_Training_Chapter_6 Short process duration less than 3 Seconds:0.03
2024-09-22 23:53:37,233 - INFO - PERFORMANCE NSP_OEC_Training_Chapter_6 Performance optimization is not reccomended
2024-09-22 23:53:37,233 - INFO - END NSP_OEC_Training_Chapter_6 =============================================

<<<<<<<<<<<<<<<<<<<<<<<<<<<<<<<<<<<<<<<<<<<<<<<<<<<<<<<<<<<<<<<<<<<<<<<<<<<<<<<<<<<<<<<<<<<<<<<<<<<<<<<<<<<<<<<<<<<<<<<<
                                                                                                                        
                                                                                                                        
>>>>>>>>>>>>>>>>>>>>>>>>>>>>>>>>>>>>>>>>>>>>>>>>>>>>>>>>>>>>>>>>>>>>>>>>>>>>>>>>>>>>>>>>>>>>>>>>>>>>>>>>>>>>>>>>>>>>>>>>
2024-09-23 00:06:53,504 - INFO - START NSP_OEC_Training_Chapter_6 =============================================
2024-09-23 00:06:53,504 - INFO - START NSP_OEC_Training_Chapter_6 Start Time = 2024-09-23 00:06:53
2024-09-23 00:06:53,504 - INFO - NSP_OEC_Training_Chapter_6 Step 0 - Initialize the configuration file parser
2024-09-23 00:06:53,504 - INFO - Process NSP_OEC_Training_Chapter_6 Step 0 - Initializing and starting Logging Process.
2024-09-23 00:06:53,534 - INFO - PERFORMANCE NSP_OEC_Training_Chapter_6 The total process duration was:0.03
2024-09-23 00:06:53,534 - INFO - PERFORMANCE NSP_OEC_Training_Chapter_6 Stop Time = 2024-09-23 00:06:53
2024-09-23 00:06:53,534 - INFO - PERFORMANCE NSP_OEC_Training_Chapter_6 Short process duration less than 3 Seconds:0.03
2024-09-23 00:06:53,534 - INFO - PERFORMANCE NSP_OEC_Training_Chapter_6 Performance optimization is not reccomended
2024-09-23 00:06:53,534 - INFO - END NSP_OEC_Training_Chapter_6 =============================================

<<<<<<<<<<<<<<<<<<<<<<<<<<<<<<<<<<<<<<<<<<<<<<<<<<<<<<<<<<<<<<<<<<<<<<<<<<<<<<<<<<<<<<<<<<<<<<<<<<<<<<<<<<<<<<<<<<<<<<<<
                                                                                                                        
                                                                                                                        
>>>>>>>>>>>>>>>>>>>>>>>>>>>>>>>>>>>>>>>>>>>>>>>>>>>>>>>>>>>>>>>>>>>>>>>>>>>>>>>>>>>>>>>>>>>>>>>>>>>>>>>>>>>>>>>>>>>>>>>>
2024-09-23 00:07:45,254 - INFO - START NSP_OEC_Training_Chapter_6 =============================================
2024-09-23 00:07:45,255 - INFO - START NSP_OEC_Training_Chapter_6 Start Time = 2024-09-23 00:07:45
2024-09-23 00:07:45,255 - INFO - NSP_OEC_Training_Chapter_6 Step 0 - Initialize the configuration file parser
2024-09-23 00:07:45,255 - INFO - Process NSP_OEC_Training_Chapter_6 Step 0 - Initializing and starting Logging Process.
2024-09-23 00:07:45,300 - INFO - PERFORMANCE NSP_OEC_Training_Chapter_6 The total process duration was:0.05
2024-09-23 00:07:45,301 - INFO - PERFORMANCE NSP_OEC_Training_Chapter_6 Stop Time = 2024-09-23 00:07:45
2024-09-23 00:07:45,301 - INFO - PERFORMANCE NSP_OEC_Training_Chapter_6 Short process duration less than 3 Seconds:0.05
2024-09-23 00:07:45,301 - INFO - PERFORMANCE NSP_OEC_Training_Chapter_6 Performance optimization is not reccomended
2024-09-23 00:07:45,301 - INFO - END NSP_OEC_Training_Chapter_6 =============================================

<<<<<<<<<<<<<<<<<<<<<<<<<<<<<<<<<<<<<<<<<<<<<<<<<<<<<<<<<<<<<<<<<<<<<<<<<<<<<<<<<<<<<<<<<<<<<<<<<<<<<<<<<<<<<<<<<<<<<<<<
                                                                                                                        
